<?xml version="1.0" encoding="UTF-8" ?>
<testsuite tests="2" failures="0" name="com.mycompany.app.AppTest" time="0.021" errors="0" skipped="0">
  <properties>
    <property name="java.runtime.name" value="OpenJDK Runtime Environment"/>
    <property name="java.vm.version" value="16.0.1+9-24"/>
    <property name="sun.boot.library.path" value="D:\eclipse\eclipse\Spring Tool Suite\sts-4.11.0.RELEASE\plugins\org.eclipse.justj.openjdk.hotspot.jre.full.win32.x86_64_16.0.1.v20210528-1205\jre\bin"/>
    <property name="maven.multiModuleProjectDirectory" value="D:\Milestones\simple-java-maven-app-master"/>
    <property name="java.vm.vendor" value="Oracle Corporation"/>
    <property name="java.vendor.url" value="https://java.oracle.com/"/>
    <property name="guice.disable.misplaced.annotation.check" value="true"/>
    <property name="path.separator" value=";"/>
    <property name="java.vm.name" value="OpenJDK 64-Bit Server VM"/>
    <property name="sun.os.patch.level" value="Service Pack 1"/>
    <property name="user.script" value=""/>
    <property name="user.country" value="US"/>
    <property name="sun.java.launcher" value="SUN_STANDARD"/>
    <property name="java.vm.specification.name" value="Java Virtual Machine Specification"/>
    <property name="user.dir" value="D:\Milestones\simple-java-maven-app-master"/>
    <property name="java.vm.compressedOopsMode" value="32-bit"/>
    <property name="java.runtime.version" value="16.0.1+9-24"/>
    <property name="os.arch" value="amd64"/>
    <property name="java.io.tmpdir" value="C:\Users\BLACKC~1\AppData\Local\Temp\"/>
    <property name="line.separator" value="
"/>
    <property name="java.vm.specification.vendor" value="Oracle Corporation"/>
    <property name="user.variant" value=""/>
    <property name="os.name" value="Windows 7"/>
    <property name="classworlds.conf" value="D:\eclipse\eclipse\Spring Tool Suite\Finall\.metadata\.plugins\org.eclipse.m2e.launching\launches\m2conf10553773915739307845.tmp"/>
    <property name="jansi.force" value="true"/>
    <property name="sun.jnu.encoding" value="Cp1252"/>
    <property name="java.library.path" value="D:\eclipse\eclipse\Spring Tool Suite\sts-4.11.0.RELEASE\plugins\org.eclipse.justj.openjdk.hotspot.jre.full.win32.x86_64_16.0.1.v20210528-1205\jre\bin;C:\Windows\Sun\Java\bin;C:\Windows\system32;C:\Windows;D:/eclipse/eclipse/Spring Tool Suite/sts-4.11.0.RELEASE//plugins/org.eclipse.justj.openjdk.hotspot.jre.full.win32.x86_64_16.0.1.v20210528-1205/jre/bin/server;D:/eclipse/eclipse/Spring Tool Suite/sts-4.11.0.RELEASE//plugins/org.eclipse.justj.openjdk.hotspot.jre.full.win32.x86_64_16.0.1.v20210528-1205/jre/bin;C:\Program Files\Java\jdk1.8.0_311\bin;C:\Program Files\Common Files\Oracle\Java\javapath;C:\Program Files (x86)\Common Files\Oracle\Java\javapath;C:\oraclexe\app\oracle\product\11.2.0\server\bin;C:\Windows\system32;C:\Windows;C:\Windows\System32\Wbem;C:\Windows\System32\WindowsPowerShell\v1.0\;C:\Program Files\Java\jdk-14.0.2\bin;D:\New folder\node\;D:\Softwares\putty\;C:\Program Files\Git\cmd;C:\kafka_2.13-2.8.0\bin\windows;C:\vs\Code.exe;D:\Softwares\apache-maven-3.8.4\bin;C:\Program Files\MySQL\MySQL Shell 8.0\bin\;D:\DATA SCIENCE\Pyscharm\PyCharm Community Edition 2021.1.1\bin;;C:\Users\Blackcave\AppData\Roaming\npm;D:\eclipse\eclipse\Spring Tool Suite\sts-4.11.0.RELEASE;;."/>
    <property name="jansi.passthrough" value="true"/>
    <property name="jdk.debug" value="release"/>
    <property name="java.class.version" value="60.0"/>
    <property name="java.specification.name" value="Java Platform API Specification"/>
    <property name="sun.management.compiler" value="HotSpot 64-Bit Tiered Compilers"/>
    <property name="os.version" value="6.1"/>
    <property name="user.home" value="C:\Users\Blackcave"/>
    <property name="user.timezone" value="Asia/Calcutta"/>
    <property name="file.encoding" value="Cp1252"/>
    <property name="java.specification.version" value="16"/>
    <property name="user.name" value="Blackcave"/>
    <property name="java.class.path" value="D:\eclipse\eclipse\Spring Tool Suite\sts-4.11.0.RELEASE\plugins\org.eclipse.m2e.maven.runtime_1.18.0.20210603-1206\jars\plexus-classworlds-2.6.0.jar"/>
    <property name="java.vm.specification.version" value="16"/>
    <property name="sun.arch.data.model" value="64"/>
    <property name="sun.java.command" value="org.codehaus.plexus.classworlds.launcher.Launcher -B clean test sonar:sonar -Dstyle.color=always"/>
    <property name="java.home" value="D:\eclipse\eclipse\Spring Tool Suite\sts-4.11.0.RELEASE\plugins\org.eclipse.justj.openjdk.hotspot.jre.full.win32.x86_64_16.0.1.v20210528-1205\jre"/>
    <property name="user.language" value="en"/>
    <property name="java.specification.vendor" value="Oracle Corporation"/>
    <property name="java.vm.info" value="mixed mode"/>
    <property name="java.version" value="16.0.1"/>
    <property name="java.vendor" value="Oracle Corporation"/>
    <property name="maven.home" value="D:\Milestones\simple-java-maven-app-master\EMBEDDED"/>
    <property name="style.color" value="always"/>
    <property name="file.separator" value="\"/>
    <property name="java.version.date" value="2021-04-20"/>
    <property name="java.vendor.url.bug" value="https://bugreport.java.com/bugreport/"/>
    <property name="sun.io.unicode.encoding" value="UnicodeLittle"/>
    <property name="sun.cpu.endian" value="little"/>
    <property name="sun.cpu.isalist" value="amd64"/>
  </properties>
  <testcase classname="com.mycompany.app.AppTest" name="testAppMain" time="0.021"/>
  <testcase classname="com.mycompany.app.AppTest" name="testAppConstructor" time="0"/>
</testsuite>